<?xml version="1.0" encoding="UTF-8"?>
<!-- Generated by org.testng.reporters.JUnitXMLReporter -->
<testsuite ignored="0" hostname="Oladele" failures="1" tests="2" name="HomePage Feature" time="31.8" errors="0" timestamp="05 Mar 2022 14:49:22 GMT">
  <testcase classname="com.absoft.tests.HomePageTest" name="testHomePageLink1" time="0.006"/>
  <testcase classname="com.absoft.tests.HomePageTest" name="testPageTitle" time="0.026">
    <failure type="java.lang.AssertionError" message="ERROR: Page Title is NOT Correct expected [ABSoft Trainings – E-Commerce test web site | Home Page] but found [MeritPros Test1 Site | E-Commerce Test Web Site for MeritPros Students | Home Page]">
      <![CDATA[java.lang.AssertionError: ERROR: Page Title is NOT Correct expected [ABSoft Trainings – E-Commerce test web site | Home Page] but found [MeritPros Test1 Site | E-Commerce Test Web Site for MeritPros Students | Home Page]
at com.absoft.tests.HomePageTest.testPageTitle(HomePageTest.java:25)
... Removed 30 stack frames]]>
    </failure>
  </testcase> <!-- testPageTitle -->
</testsuite> <!-- HomePage Feature -->
