<!DOCTYPE html>

<html>
  <head>
  <meta charset='utf-8'>
  <title>TestNG reports</title>

    <link type="text/css" href="testng-reports.css" rel="stylesheet" />
    <script type="text/javascript" src="jquery-1.7.1.min.js"></script>
    <script type="text/javascript" src="testng-reports.js"></script>
    <script type="text/javascript" src="https://www.google.com/jsapi"></script>
    <script type='text/javascript'>
      google.load('visualization', '1', {packages:['table']});
      google.setOnLoadCallback(drawTable);
      var suiteTableInitFunctions = new Array();
      var suiteTableData = new Array();
    </script>
    <!--
      <script type="text/javascript" src="jquery-ui/js/jquery-ui-1.8.16.custom.min.js"></script>
     -->
  </head>

  <body>
    <div class="top-banner-root">
      <span class="top-banner-title-font">Test results</span>
      <br/>
      <span class="top-banner-font-1">1 suite, 3 failed tests</span>
    </div> <!-- top-banner-root -->
    <div class="navigator-root">
      <div class="navigator-suite-header">
        <span>All suites</span>
        <a href="#" title="Collapse/expand all the suites" class="collapse-all-link">
          <img src="collapseall.gif" class="collapse-all-icon">
          </img> <!-- collapse-all-icon -->
        </a> <!-- collapse-all-link -->
      </div> <!-- navigator-suite-header -->
      <div class="suite">
        <div class="rounded-window">
          <div class="suite-header light-rounded-window-top">
            <a href="#" panel-name="suite-RegressionSuite" class="navigator-link">
              <span class="suite-name border-failed">RegressionSuite</span>
            </a> <!-- navigator-link -->
          </div> <!-- suite-header light-rounded-window-top -->
          <div class="navigator-suite-content">
            <div class="suite-section-title">
              <span>Info</span>
            </div> <!-- suite-section-title -->
            <div class="suite-section-content">
              <ul>
                <li>
                  <a href="#" panel-name="test-xml-RegressionSuite" class="navigator-link ">
                    <span>C:\Users\Julius\Desktop\SELENIUM PROJECTS FOLDERS\SeleniumHybridAFW\STD14_SeleniumHrbridAFW_GitHub2\src\test\java\com\absoft\testsuites\RegressionSuite.xml</span>
                  </a> <!-- navigator-link  -->
                </li>
                <li>
                  <a href="#" panel-name="testlist-RegressionSuite" class="navigator-link ">
                    <span class="test-stats">4 tests</span>
                  </a> <!-- navigator-link  -->
                </li>
                <li>
                  <a href="#" panel-name="group-RegressionSuite" class="navigator-link ">
                    <span>0 groups</span>
                  </a> <!-- navigator-link  -->
                </li>
                <li>
                  <a href="#" panel-name="times-RegressionSuite" class="navigator-link ">
                    <span>Times</span>
                  </a> <!-- navigator-link  -->
                </li>
                <li>
                  <a href="#" panel-name="reporter-RegressionSuite" class="navigator-link ">
                    <span>Reporter output</span>
                  </a> <!-- navigator-link  -->
                </li>
                <li>
                  <a href="#" panel-name="ignored-methods-RegressionSuite" class="navigator-link ">
                    <span>Ignored methods</span>
                  </a> <!-- navigator-link  -->
                </li>
                <li>
                  <a href="#" panel-name="chronological-RegressionSuite" class="navigator-link ">
                    <span>Chronological view</span>
                  </a> <!-- navigator-link  -->
                </li>
              </ul>
            </div> <!-- suite-section-content -->
            <div class="result-section">
              <div class="suite-section-title">
                <span>Results</span>
              </div> <!-- suite-section-title -->
              <div class="suite-section-content">
                <ul>
                  <li>
                    <span class="method-stats">6 methods, 3 failed,   3 passed</span>
                  </li>
                  <li>
                    <span class="method-list-title failed">Failed methods</span>
                    <span class="show-or-hide-methods failed">
                      <a href="#" panel-name="suite-RegressionSuite" class="hide-methods failed suite-RegressionSuite"> (hide)</a> <!-- hide-methods failed suite-RegressionSuite -->
                      <a href="#" panel-name="suite-RegressionSuite" class="show-methods failed suite-RegressionSuite"> (show)</a> <!-- show-methods failed suite-RegressionSuite -->
                    </span>
                    <div class="method-list-content failed suite-RegressionSuite">
                      <span>
                        <img src="failed.png" width="3%"/>
                        <a href="#" panel-name="suite-RegressionSuite" title="com.absoft.tests.MyAccountPageTest" class="method navigator-link" hash-for-method="testPageTitle">testPageTitle</a> <!-- method navigator-link -->
                      </span>
                      <br/>
                      <span>
                        <img src="failed.png" width="3%"/>
                        <a href="#" panel-name="suite-RegressionSuite" title="com.absoft.tests.HomePageTest" class="method navigator-link" hash-for-method="testPageTitle">testPageTitle</a> <!-- method navigator-link -->
                      </span>
                      <br/>
                      <span>
                        <img src="failed.png" width="3%"/>
                        <a href="#" panel-name="suite-RegressionSuite" title="com.absoft.tests.MyAccountPageTest" class="method navigator-link" hash-for-method="testSuccessfulLogin(testuser5, testpwd5_FAIL)">testSuccessfulLogin(testuser5, testpwd5_FAIL)</a> <!-- method navigator-link -->
                      </span>
                      <br/>
                    </div> <!-- method-list-content failed suite-RegressionSuite -->
                  </li>
                  <li>
                    <span class="method-list-title passed">Passed methods</span>
                    <span class="show-or-hide-methods passed">
                      <a href="#" panel-name="suite-RegressionSuite" class="hide-methods passed suite-RegressionSuite"> (hide)</a> <!-- hide-methods passed suite-RegressionSuite -->
                      <a href="#" panel-name="suite-RegressionSuite" class="show-methods passed suite-RegressionSuite"> (show)</a> <!-- show-methods passed suite-RegressionSuite -->
                    </span>
                    <div class="method-list-content passed suite-RegressionSuite">
                      <span>
                        <img src="passed.png" width="3%"/>
                        <a href="#" panel-name="suite-RegressionSuite" title="com.absoft.tests.ShopPageTest" class="method navigator-link" hash-for-method="testApplyingSortOrder(Sort by average rating)">testApplyingSortOrder(Sort by average rating)</a> <!-- method navigator-link -->
                      </span>
                      <br/>
                      <span>
                        <img src="passed.png" width="3%"/>
                        <a href="#" panel-name="suite-RegressionSuite" title="com.absoft.tests.ShopPageTest" class="method navigator-link" hash-for-method="testApplyingSortOrder(Sort by average rating)">testApplyingSortOrder(Sort by average rating)</a> <!-- method navigator-link -->
                      </span>
                      <br/>
                      <span>
                        <img src="passed.png" width="3%"/>
                        <a href="#" panel-name="suite-RegressionSuite" title="com.absoft.tests.HomePageTest" class="method navigator-link" hash-for-method="testHomePageLink1">testHomePageLink1</a> <!-- method navigator-link -->
                      </span>
                      <br/>
                    </div> <!-- method-list-content passed suite-RegressionSuite -->
                  </li>
                </ul>
              </div> <!-- suite-section-content -->
            </div> <!-- result-section -->
          </div> <!-- navigator-suite-content -->
        </div> <!-- rounded-window -->
      </div> <!-- suite -->
    </div> <!-- navigator-root -->
    <div class="wrapper">
      <div class="main-panel-root">
        <div panel-name="suite-RegressionSuite" class="panel RegressionSuite">
          <div class="suite-RegressionSuite-class-failed">
            <div class="main-panel-header rounded-window-top">
              <img src="failed.png"/>
              <span class="class-name">com.absoft.tests.MyAccountPageTest</span>
            </div> <!-- main-panel-header rounded-window-top -->
            <div class="main-panel-content rounded-window-bottom">
              <div class="method">
                <div class="method-content">
                  <a name="testPageTitle">
                  </a> <!-- testPageTitle -->
                  <span class="method-name">testPageTitle</span>
                  <div class="stack-trace">java.lang.AssertionError: ERROR: Page Title is NOT Correct expected [My Account | ABSoft Trainings – E-Commerce test web site] but found [My Account | MeritPros Test1 Site | E-Commerce Test Web Site for MeritPros Students]
	at com.absoft.tests.MyAccountPageTest.testPageTitle(MyAccountPageTest.java:34)
... Removed 30 stack frames
</div> <!-- stack-trace -->
                </div> <!-- method-content -->
              </div> <!-- method -->
              <div class="method">
                <div class="method-content">
                  <a name="testSuccessfulLogin(testuser5, testpwd5_FAIL)">
                  </a> <!-- testSuccessfulLogin(testuser5, testpwd5_FAIL) -->
                  <span class="method-name">testSuccessfulLogin</span>
                  <span class="parameters">(testuser5, testpwd5_FAIL)</span>
                  <div class="stack-trace">org.openqa.selenium.NoSuchElementException: no such element: Unable to locate element: {&quot;method&quot;:&quot;css selector&quot;,&quot;selector&quot;:&quot;#user_info&quot;}
  (Session info: chrome=99.0.4844.51)
For documentation on this error, please visit: https://www.seleniumhq.org/exceptions/no_such_element.html
Build info: version: &apos;3.141.59&apos;, revision: &apos;e82be7d358&apos;, time: &apos;2018-11-14T08:17:03&apos;
System info: host: &apos;OLADELE&apos;, ip: &apos;192.168.153.1&apos;, os.name: &apos;Windows 8.1&apos;, os.arch: &apos;amd64&apos;, os.version: &apos;6.3&apos;, java.version: &apos;11.0.2&apos;
Driver info: org.openqa.selenium.chrome.ChromeDriver
Capabilities {acceptInsecureCerts: false, browserName: chrome, browserVersion: 99.0.4844.51, chrome: {chromedriverVersion: 99.0.4844.51 (d537ec02474b5..., userDataDir: C:\Users\Julius\AppData\Loc...}, goog:chromeOptions: {debuggerAddress: localhost:62508}, javascriptEnabled: true, networkConnectionEnabled: false, pageLoadStrategy: normal, platform: WINDOWS, platformName: WINDOWS, proxy: Proxy(), setWindowRect: true, strictFileInteractability: false, timeouts: {implicit: 0, pageLoad: 300000, script: 30000}, unhandledPromptBehavior: dismiss and notify, webauthn:extension:credBlob: true, webauthn:extension:largeBlob: true, webauthn:virtualAuthenticators: true}
Session ID: 2287fa9ff0aa9345351f6b8534c535fe
*** Element info: {Using=id, value=user_info}
	at org.openqa.selenium.remote.http.W3CHttpResponseCodec.createException(W3CHttpResponseCodec.java:187)
	at org.openqa.selenium.remote.http.W3CHttpResponseCodec.decode(W3CHttpResponseCodec.java:122)
	at org.openqa.selenium.remote.http.W3CHttpResponseCodec.decode(W3CHttpResponseCodec.java:49)
	at org.openqa.selenium.remote.HttpCommandExecutor.execute(HttpCommandExecutor.java:158)
	at org.openqa.selenium.remote.service.DriverCommandExecutor.execute(DriverCommandExecutor.java:83)
	at org.openqa.selenium.remote.RemoteWebDriver.execute(RemoteWebDriver.java:552)
	at org.openqa.selenium.remote.RemoteWebDriver.findElement(RemoteWebDriver.java:323)
	at org.openqa.selenium.remote.RemoteWebDriver.findElementById(RemoteWebDriver.java:372)
	at org.openqa.selenium.By$ById.findElement(By.java:188)
	at org.openqa.selenium.remote.RemoteWebDriver.findElement(RemoteWebDriver.java:315)
	at org.openqa.selenium.support.pagefactory.DefaultElementLocator.findElement(DefaultElementLocator.java:69)
	at org.openqa.selenium.support.pagefactory.internal.LocatingElementHandler.invoke(LocatingElementHandler.java:38)
	at com.sun.proxy.$Proxy16.getText(Unknown Source)
	at com.absoft.pages.MyAccountPage.isLoginSuccessfulFor(MyAccountPage.java:64)
	at com.absoft.tests.MyAccountPageTest.testSuccessfulLogin(MyAccountPageTest.java:46)
... Removed 29 stack frames
</div> <!-- stack-trace -->
                </div> <!-- method-content -->
              </div> <!-- method -->
            </div> <!-- main-panel-content rounded-window-bottom -->
          </div> <!-- suite-RegressionSuite-class-failed -->
          <div class="suite-RegressionSuite-class-failed">
            <div class="main-panel-header rounded-window-top">
              <img src="failed.png"/>
              <span class="class-name">com.absoft.tests.HomePageTest</span>
            </div> <!-- main-panel-header rounded-window-top -->
            <div class="main-panel-content rounded-window-bottom">
              <div class="method">
                <div class="method-content">
                  <a name="testPageTitle">
                  </a> <!-- testPageTitle -->
                  <span class="method-name">testPageTitle</span>
                  <div class="stack-trace">java.lang.AssertionError: ERROR: Page Title is NOT Correct expected [ABSoft Trainings – E-Commerce test web site | Home Page] but found [MeritPros Test1 Site | E-Commerce Test Web Site for MeritPros Students | Home Page]
	at com.absoft.tests.HomePageTest.testPageTitle(HomePageTest.java:25)
... Removed 30 stack frames
</div> <!-- stack-trace -->
                </div> <!-- method-content -->
              </div> <!-- method -->
            </div> <!-- main-panel-content rounded-window-bottom -->
          </div> <!-- suite-RegressionSuite-class-failed -->
          <div class="suite-RegressionSuite-class-passed">
            <div class="main-panel-header rounded-window-top">
              <img src="passed.png"/>
              <span class="class-name">com.absoft.tests.ShopPageTest</span>
            </div> <!-- main-panel-header rounded-window-top -->
            <div class="main-panel-content rounded-window-bottom">
              <div class="method">
                <div class="method-content">
                  <a name="testApplyingSortOrder(Sort by average rating)">
                  </a> <!-- testApplyingSortOrder(Sort by average rating) -->
                  <span class="method-name">testApplyingSortOrder</span>
                  <span class="parameters">(Sort by average rating)</span>
                </div> <!-- method-content -->
              </div> <!-- method -->
              <div class="method">
                <div class="method-content">
                  <a name="testApplyingSortOrder(Sort by average rating)">
                  </a> <!-- testApplyingSortOrder(Sort by average rating) -->
                  <span class="method-name">testApplyingSortOrder</span>
                  <span class="parameters">(Sort by average rating)</span>
                </div> <!-- method-content -->
              </div> <!-- method -->
            </div> <!-- main-panel-content rounded-window-bottom -->
          </div> <!-- suite-RegressionSuite-class-passed -->
          <div class="suite-RegressionSuite-class-passed">
            <div class="main-panel-header rounded-window-top">
              <img src="passed.png"/>
              <span class="class-name">com.absoft.tests.HomePageTest</span>
            </div> <!-- main-panel-header rounded-window-top -->
            <div class="main-panel-content rounded-window-bottom">
              <div class="method">
                <div class="method-content">
                  <a name="testHomePageLink1">
                  </a> <!-- testHomePageLink1 -->
                  <span class="method-name">testHomePageLink1</span>
                </div> <!-- method-content -->
              </div> <!-- method -->
            </div> <!-- main-panel-content rounded-window-bottom -->
          </div> <!-- suite-RegressionSuite-class-passed -->
        </div> <!-- panel RegressionSuite -->
        <div panel-name="test-xml-RegressionSuite" class="panel">
          <div class="main-panel-header rounded-window-top">
            <span class="header-content">C:\Users\Julius\Desktop\SELENIUM PROJECTS FOLDERS\SeleniumHybridAFW\STD14_SeleniumHrbridAFW_GitHub2\src\test\java\com\absoft\testsuites\RegressionSuite.xml</span>
          </div> <!-- main-panel-header rounded-window-top -->
          <div class="main-panel-content rounded-window-bottom">
            <pre>
&lt;?xml version=&quot;1.0&quot; encoding=&quot;UTF-8&quot;?&gt;
&lt;!DOCTYPE suite SYSTEM &quot;http://testng.org/testng-1.0.dtd&quot;&gt;
&lt;suite name=&quot;RegressionSuite&quot; guice-stage=&quot;DEVELOPMENT&quot;&gt;
  &lt;test thread-count=&quot;5&quot; name=&quot;MyAccount Feature&quot;&gt;
    &lt;classes&gt;
      &lt;class name=&quot;com.absoft.tests.MyAccountPageTest&quot;/&gt;
    &lt;/classes&gt;
  &lt;/test&gt; &lt;!-- MyAccount Feature --&gt;
  &lt;test thread-count=&quot;5&quot; name=&quot;HomePage Feature&quot;&gt;
    &lt;classes&gt;
      &lt;class name=&quot;com.absoft.tests.HomePageTest&quot;/&gt;
    &lt;/classes&gt;
  &lt;/test&gt; &lt;!-- HomePage Feature --&gt;
  &lt;test thread-count=&quot;5&quot; name=&quot;FirefoxTest&quot;&gt;
    &lt;parameter name=&quot;browser&quot; value=&quot;Firefox&quot;/&gt;
    &lt;classes&gt;
      &lt;class name=&quot;com.absoft.tests.ShopPageTest&quot;/&gt;
    &lt;/classes&gt;
  &lt;/test&gt; &lt;!-- FirefoxTest --&gt;
  &lt;test thread-count=&quot;5&quot; name=&quot;EdgeTest&quot;&gt;
    &lt;parameter name=&quot;browser&quot; value=&quot;Edge&quot;/&gt;
    &lt;classes&gt;
      &lt;class name=&quot;com.absoft.tests.ShopPageTest&quot;/&gt;
    &lt;/classes&gt;
  &lt;/test&gt; &lt;!-- EdgeTest --&gt;
&lt;/suite&gt; &lt;!-- RegressionSuite --&gt;
            </pre>
          </div> <!-- main-panel-content rounded-window-bottom -->
        </div> <!-- panel -->
        <div panel-name="testlist-RegressionSuite" class="panel">
          <div class="main-panel-header rounded-window-top">
            <span class="header-content">Tests for RegressionSuite</span>
          </div> <!-- main-panel-header rounded-window-top -->
          <div class="main-panel-content rounded-window-bottom">
            <ul>
              <li>
                <span class="test-name">MyAccount Feature (1 class)</span>
              </li>
              <li>
                <span class="test-name">HomePage Feature (1 class)</span>
              </li>
              <li>
                <span class="test-name">FirefoxTest (1 class)</span>
              </li>
              <li>
                <span class="test-name">EdgeTest (1 class)</span>
              </li>
            </ul>
          </div> <!-- main-panel-content rounded-window-bottom -->
        </div> <!-- panel -->
        <div panel-name="group-RegressionSuite" class="panel">
          <div class="main-panel-header rounded-window-top">
            <span class="header-content">Groups for RegressionSuite</span>
          </div> <!-- main-panel-header rounded-window-top -->
          <div class="main-panel-content rounded-window-bottom">
          </div> <!-- main-panel-content rounded-window-bottom -->
        </div> <!-- panel -->
        <div panel-name="times-RegressionSuite" class="panel">
          <div class="main-panel-header rounded-window-top">
            <span class="header-content">Times for RegressionSuite</span>
          </div> <!-- main-panel-header rounded-window-top -->
          <div class="main-panel-content rounded-window-bottom">
            <div class="times-div">
              <script type="text/javascript">
suiteTableInitFunctions.push('tableData_RegressionSuite');
function tableData_RegressionSuite() {
var data = new google.visualization.DataTable();
data.addColumn('number', 'Number');
data.addColumn('string', 'Method');
data.addColumn('string', 'Class');
data.addColumn('number', 'Time (ms)');
data.addRows(6);
data.setCell(0, 0, 0)
data.setCell(0, 1, 'testSuccessfulLogin')
data.setCell(0, 2, 'com.absoft.tests.MyAccountPageTest')
data.setCell(0, 3, 54183);
data.setCell(1, 0, 1)
data.setCell(1, 1, 'testApplyingSortOrder')
data.setCell(1, 2, 'com.absoft.tests.ShopPageTest')
data.setCell(1, 3, 3622);
data.setCell(2, 0, 2)
data.setCell(2, 1, 'testApplyingSortOrder')
data.setCell(2, 2, 'com.absoft.tests.ShopPageTest')
data.setCell(2, 3, 3206);
data.setCell(3, 0, 3)
data.setCell(3, 1, 'testPageTitle')
data.setCell(3, 2, 'com.absoft.tests.MyAccountPageTest')
data.setCell(3, 3, 1189);
data.setCell(4, 0, 4)
data.setCell(4, 1, 'testPageTitle')
data.setCell(4, 2, 'com.absoft.tests.HomePageTest')
data.setCell(4, 3, 26);
data.setCell(5, 0, 5)
data.setCell(5, 1, 'testHomePageLink1')
data.setCell(5, 2, 'com.absoft.tests.HomePageTest')
data.setCell(5, 3, 6);
window.suiteTableData['RegressionSuite']= { tableData: data, tableDiv: 'times-div-RegressionSuite'}
return data;
}
              </script>
              <span class="suite-total-time">Total running time: 1 minutes</span>
              <div id="times-div-RegressionSuite">
              </div> <!-- times-div-RegressionSuite -->
            </div> <!-- times-div -->
          </div> <!-- main-panel-content rounded-window-bottom -->
        </div> <!-- panel -->
        <div panel-name="reporter-RegressionSuite" class="panel">
          <div class="main-panel-header rounded-window-top">
            <span class="header-content">Reporter output for RegressionSuite</span>
          </div> <!-- main-panel-header rounded-window-top -->
          <div class="main-panel-content rounded-window-bottom">
          </div> <!-- main-panel-content rounded-window-bottom -->
        </div> <!-- panel -->
        <div panel-name="ignored-methods-RegressionSuite" class="panel">
          <div class="main-panel-header rounded-window-top">
            <span class="header-content">0 ignored methods</span>
          </div> <!-- main-panel-header rounded-window-top -->
          <div class="main-panel-content rounded-window-bottom">
          </div> <!-- main-panel-content rounded-window-bottom -->
        </div> <!-- panel -->
        <div panel-name="chronological-RegressionSuite" class="panel">
          <div class="main-panel-header rounded-window-top">
            <span class="header-content">Methods in chronological order</span>
          </div> <!-- main-panel-header rounded-window-top -->
          <div class="main-panel-content rounded-window-bottom">
            <div class="chronological-class">
              <div class="chronological-class-name">com.absoft.tests.ShopPageTest</div> <!-- chronological-class-name -->
              <div class="configuration-suite before">
                <span class="method-name">beforeSuite</span>
                <span class="method-start">0 ms</span>
              </div> <!-- configuration-suite before -->
            </div> <!-- chronological-class -->
            <div class="chronological-class">
              <div class="chronological-class-name">com.absoft.tests.MyAccountPageTest</div> <!-- chronological-class-name -->
              <div class="configuration-class before">
                <span class="method-name">extentReportBeforeClass</span>
                <span class="method-start">1043 ms</span>
              </div> <!-- configuration-class before -->
              <div class="configuration-method before">
                <span class="method-name">extentReportBeforeMethod(public void com.absoft.tests.MyAccountPageTest.testPageTitle())</span>
                <span class="method-start">1098 ms</span>
              </div> <!-- configuration-method before -->
              <div class="configuration-method before">
                <span class="method-name">testSetup(public void com.absoft.tests.MyAccountPageTest.testPageTitle())</span>
                <span class="method-start">1109 ms</span>
              </div> <!-- configuration-method before -->
              <div class="test-method">
                <img src="failed.png">
                </img>
                <span class="method-name">testPageTitle</span>
                <span class="method-start">12454 ms</span>
              </div> <!-- test-method -->
              <div class="configuration-method after">
                <span class="method-name">testCleanUp([TestResult name=testPageTitle status=FAILURE method=MyAccountPageTest.testPageTitle()[pri:0, instan...)</span>
                <span class="method-start">13665 ms</span>
              </div> <!-- configuration-method after -->
              <div class="configuration-method after">
                <span class="method-name">extentReportAfterMethod([TestResult name=testPageTitle status=FAILURE method=MyAccountPageTest.testPageTitle()[pri:0, instan...)</span>
                <span class="method-start">15663 ms</span>
              </div> <!-- configuration-method after -->
              <div class="configuration-method before">
                <span class="method-name">extentReportBeforeMethod(public void com.absoft.tests.MyAccountPageTest.testSuccessfulLogin(java.lang.String,java.lang.String...)</span>
                <span class="method-start">19785 ms</span>
              </div> <!-- configuration-method before -->
              <div class="configuration-method before">
                <span class="method-name">testSetup(public void com.absoft.tests.MyAccountPageTest.testSuccessfulLogin(java.lang.String,java.lang.String...)</span>
                <span class="method-start">19786 ms</span>
              </div> <!-- configuration-method before -->
              <div class="test-method">
                <img src="failed.png">
                </img>
                <span class="method-name">testSuccessfulLogin(testuser5, testpwd5_FAIL)</span>
                <span class="method-start">35903 ms</span>
              </div> <!-- test-method -->
              <div class="configuration-method after">
                <span class="method-name">testCleanUp([TestResult name=testSuccessfulLogin status=FAILURE method=MyAccountPageTest.testSuccessfulLogin(jav...)</span>
                <span class="method-start">90140 ms</span>
              </div> <!-- configuration-method after -->
              <div class="configuration-method after">
                <span class="method-name">extentReportAfterMethod([TestResult name=testSuccessfulLogin status=FAILURE method=MyAccountPageTest.testSuccessfulLogin(jav...)</span>
                <span class="method-start">92056 ms</span>
              </div> <!-- configuration-method after -->
            </div> <!-- chronological-class -->
            <div class="chronological-class">
              <div class="chronological-class-name">com.absoft.tests.HomePageTest</div> <!-- chronological-class-name -->
              <div class="configuration-class before">
                <span class="method-name">extentReportBeforeClass</span>
                <span class="method-start">93563 ms</span>
              </div> <!-- configuration-class before -->
              <div class="configuration-method before">
                <span class="method-name">extentReportBeforeMethod(public void com.absoft.tests.HomePageTest.testHomePageLink1())</span>
                <span class="method-start">93565 ms</span>
              </div> <!-- configuration-method before -->
              <div class="configuration-method before">
                <span class="method-name">testSetup(public void com.absoft.tests.HomePageTest.testHomePageLink1())</span>
                <span class="method-start">93565 ms</span>
              </div> <!-- configuration-method before -->
              <div class="test-method">
                <span class="method-name">testHomePageLink1</span>
                <span class="method-start">107119 ms</span>
              </div> <!-- test-method -->
              <div class="configuration-method after">
                <span class="method-name">testCleanUp([TestResult name=testHomePageLink1 status=SUCCESS method=HomePageTest.testHomePageLink1()[pri:0, ins...)</span>
                <span class="method-start">107130 ms</span>
              </div> <!-- configuration-method after -->
              <div class="configuration-method after">
                <span class="method-name">extentReportAfterMethod([TestResult name=testHomePageLink1 status=SUCCESS method=HomePageTest.testHomePageLink1()[pri:0, ins...)</span>
                <span class="method-start">110343 ms</span>
              </div> <!-- configuration-method after -->
              <div class="configuration-method before">
                <span class="method-name">extentReportBeforeMethod(public void com.absoft.tests.HomePageTest.testPageTitle())</span>
                <span class="method-start">111659 ms</span>
              </div> <!-- configuration-method before -->
              <div class="configuration-method before">
                <span class="method-name">testSetup(public void com.absoft.tests.HomePageTest.testPageTitle())</span>
                <span class="method-start">111660 ms</span>
              </div> <!-- configuration-method before -->
              <div class="test-method">
                <img src="failed.png">
                </img>
                <span class="method-name">testPageTitle</span>
                <span class="method-start">123096 ms</span>
              </div> <!-- test-method -->
              <div class="configuration-method after">
                <span class="method-name">testCleanUp([TestResult name=testPageTitle status=FAILURE method=HomePageTest.testPageTitle()[pri:1, instance:co...)</span>
                <span class="method-start">123126 ms</span>
              </div> <!-- configuration-method after -->
              <div class="configuration-method after">
                <span class="method-name">extentReportAfterMethod([TestResult name=testPageTitle status=FAILURE method=HomePageTest.testPageTitle()[pri:1, instance:co...)</span>
                <span class="method-start">124894 ms</span>
              </div> <!-- configuration-method after -->
            </div> <!-- chronological-class -->
            <div class="chronological-class">
              <div class="chronological-class-name">com.absoft.tests.ShopPageTest</div> <!-- chronological-class-name -->
              <div class="configuration-class before">
                <span class="method-name">extentReportBeforeClass</span>
                <span class="method-start">125382 ms</span>
              </div> <!-- configuration-class before -->
              <div class="configuration-method before">
                <span class="method-name">extentReportBeforeMethod(public void com.absoft.tests.ShopPageTest.testApplyingSortOrder(java.lang.String))</span>
                <span class="method-start">125553 ms</span>
              </div> <!-- configuration-method before -->
              <div class="configuration-method before">
                <span class="method-name">testSetup(public void com.absoft.tests.ShopPageTest.testApplyingSortOrder(java.lang.String))</span>
                <span class="method-start">125554 ms</span>
              </div> <!-- configuration-method before -->
              <div class="test-method">
                <span class="method-name">testApplyingSortOrder(Sort by average rating)</span>
                <span class="method-start">137684 ms</span>
              </div> <!-- test-method -->
              <div class="configuration-method after">
                <span class="method-name">testCleanUp([TestResult name=testApplyingSortOrder status=SUCCESS method=ShopPageTest.testApplyingSortOrder(java...)</span>
                <span class="method-start">140893 ms</span>
              </div> <!-- configuration-method after -->
              <div class="configuration-method after">
                <span class="method-name">extentReportAfterMethod([TestResult name=testApplyingSortOrder status=SUCCESS method=ShopPageTest.testApplyingSortOrder(java...)</span>
                <span class="method-start">148614 ms</span>
              </div> <!-- configuration-method after -->
              <div class="configuration-class before">
                <span class="method-name">extentReportBeforeClass</span>
                <span class="method-start">149241 ms</span>
              </div> <!-- configuration-class before -->
              <div class="configuration-method before">
                <span class="method-name">extentReportBeforeMethod(public void com.absoft.tests.ShopPageTest.testApplyingSortOrder(java.lang.String))</span>
                <span class="method-start">149446 ms</span>
              </div> <!-- configuration-method before -->
              <div class="configuration-method before">
                <span class="method-name">testSetup(public void com.absoft.tests.ShopPageTest.testApplyingSortOrder(java.lang.String))</span>
                <span class="method-start">149447 ms</span>
              </div> <!-- configuration-method before -->
              <div class="test-method">
                <span class="method-name">testApplyingSortOrder(Sort by average rating)</span>
                <span class="method-start">176041 ms</span>
              </div> <!-- test-method -->
              <div class="configuration-method after">
                <span class="method-name">testCleanUp([TestResult name=testApplyingSortOrder status=SUCCESS method=ShopPageTest.testApplyingSortOrder(java...)</span>
                <span class="method-start">179669 ms</span>
              </div> <!-- configuration-method after -->
              <div class="configuration-method after">
                <span class="method-name">extentReportAfterMethod([TestResult name=testApplyingSortOrder status=SUCCESS method=ShopPageTest.testApplyingSortOrder(java...)</span>
                <span class="method-start">180993 ms</span>
              </div> <!-- configuration-method after -->
          </div> <!-- main-panel-content rounded-window-bottom -->
        </div> <!-- panel -->
      </div> <!-- main-panel-root -->
    </div> <!-- wrapper -->
  </body>
</html>
